Ivy Default Cache set to: /opt/bitnami/spark/.ivy2/cache
The jars for the packages stored in: /opt/bitnami/spark/.ivy2/jars
:: loading settings :: url = jar:file:/opt/bitnami/spark/jars/ivy-2.4.0.jar!/org/apache/ivy/core/settings/ivysettings.xml
org.apache.spark#spark-sql-kafka-0-10_2.12 added as a dependency
:: resolving dependencies :: org.apache.spark#spark-submit-parent-4f06dceb-6904-44d9-af83-d3d46eef5d8a;1.0
	confs: [default]
	found org.apache.spark#spark-sql-kafka-0-10_2.12;3.0.0 in central
	found org.apache.spark#spark-token-provider-kafka-0-10_2.12;3.0.0 in central
	found org.apache.kafka#kafka-clients;2.4.1 in central
	found com.github.luben#zstd-jni;1.4.4-3 in central
	found org.lz4#lz4-java;1.7.1 in central
	found org.xerial.snappy#snappy-java;1.1.7.5 in central
	found org.slf4j#slf4j-api;1.7.30 in central
	found org.spark-project.spark#unused;1.0.0 in central
	found org.apache.commons#commons-pool2;2.6.2 in central
:: resolution report :: resolve 2539ms :: artifacts dl 273ms
	:: modules in use:
	com.github.luben#zstd-jni;1.4.4-3 from central in [default]
	org.apache.commons#commons-pool2;2.6.2 from central in [default]
	org.apache.kafka#kafka-clients;2.4.1 from central in [default]
	org.apache.spark#spark-sql-kafka-0-10_2.12;3.0.0 from central in [default]
	org.apache.spark#spark-token-provider-kafka-0-10_2.12;3.0.0 from central in [default]
	org.lz4#lz4-java;1.7.1 from central in [default]
	org.slf4j#slf4j-api;1.7.30 from central in [default]
	org.spark-project.spark#unused;1.0.0 from central in [default]
	org.xerial.snappy#snappy-java;1.1.7.5 from central in [default]
	---------------------------------------------------------------------
	|                  |            modules            ||   artifacts   |
	|       conf       | number| search|dwnlded|evicted|| number|dwnlded|
	---------------------------------------------------------------------
	|      default     |   9   |   0   |   0   |   0   ||   9   |   0   |
	---------------------------------------------------------------------
:: retrieving :: org.apache.spark#spark-submit-parent-4f06dceb-6904-44d9-af83-d3d46eef5d8a
	confs: [default]
	0 artifacts copied, 9 already retrieved (0kB/62ms)
21/02/09 16:20:42 WARN NativeCodeLoader: Unable to load native-hadoop library for your platform... using builtin-java classes where applicable
Using Spark's default log4j profile: org/apache/spark/log4j-defaults.properties
21/02/09 16:20:44 INFO SparkContext: Running Spark version 3.0.1
21/02/09 16:20:45 INFO ResourceUtils: ==============================================================
21/02/09 16:20:45 INFO ResourceUtils: Resources for spark.driver:

21/02/09 16:20:45 INFO ResourceUtils: ==============================================================
21/02/09 16:20:45 INFO SparkContext: Submitted application: STEDI_joiner
21/02/09 16:20:45 INFO SecurityManager: Changing view acls to: spark
21/02/09 16:20:45 INFO SecurityManager: Changing modify acls to: spark
21/02/09 16:20:45 INFO SecurityManager: Changing view acls groups to: 
21/02/09 16:20:45 INFO SecurityManager: Changing modify acls groups to: 
21/02/09 16:20:45 INFO SecurityManager: SecurityManager: authentication disabled; ui acls disabled; users  with view permissions: Set(spark); groups with view permissions: Set(); users  with modify permissions: Set(spark); groups with modify permissions: Set()
21/02/09 16:20:46 INFO Utils: Successfully started service 'sparkDriver' on port 46465.
21/02/09 16:20:46 INFO SparkEnv: Registering MapOutputTracker
21/02/09 16:20:46 INFO SparkEnv: Registering BlockManagerMaster
21/02/09 16:20:46 INFO BlockManagerMasterEndpoint: Using org.apache.spark.storage.DefaultTopologyMapper for getting topology information
21/02/09 16:20:46 INFO BlockManagerMasterEndpoint: BlockManagerMasterEndpoint up
21/02/09 16:20:46 INFO SparkEnv: Registering BlockManagerMasterHeartbeat
21/02/09 16:20:46 INFO DiskBlockManager: Created local directory at /tmp/blockmgr-447d013c-0773-4b85-876f-88489a5270ce
21/02/09 16:20:46 INFO MemoryStore: MemoryStore started with capacity 366.3 MiB
21/02/09 16:20:46 INFO SparkEnv: Registering OutputCommitCoordinator
21/02/09 16:20:47 INFO Utils: Successfully started service 'SparkUI' on port 4040.
21/02/09 16:20:47 INFO SparkUI: Bound SparkUI to 0.0.0.0, and started at http://4ea89c5994cf:4040
21/02/09 16:20:47 INFO SparkContext: Added JAR file:///opt/bitnami/spark/.ivy2/jars/org.apache.spark_spark-sql-kafka-0-10_2.12-3.0.0.jar at spark://4ea89c5994cf:46465/jars/org.apache.spark_spark-sql-kafka-0-10_2.12-3.0.0.jar with timestamp 1612887647724
21/02/09 16:20:47 INFO SparkContext: Added JAR file:///opt/bitnami/spark/.ivy2/jars/org.apache.spark_spark-token-provider-kafka-0-10_2.12-3.0.0.jar at spark://4ea89c5994cf:46465/jars/org.apache.spark_spark-token-provider-kafka-0-10_2.12-3.0.0.jar with timestamp 1612887647729
21/02/09 16:20:47 INFO SparkContext: Added JAR file:///opt/bitnami/spark/.ivy2/jars/org.apache.kafka_kafka-clients-2.4.1.jar at spark://4ea89c5994cf:46465/jars/org.apache.kafka_kafka-clients-2.4.1.jar with timestamp 1612887647730
21/02/09 16:20:47 INFO SparkContext: Added JAR file:///opt/bitnami/spark/.ivy2/jars/org.apache.commons_commons-pool2-2.6.2.jar at spark://4ea89c5994cf:46465/jars/org.apache.commons_commons-pool2-2.6.2.jar with timestamp 1612887647733
21/02/09 16:20:47 INFO SparkContext: Added JAR file:///opt/bitnami/spark/.ivy2/jars/org.spark-project.spark_unused-1.0.0.jar at spark://4ea89c5994cf:46465/jars/org.spark-project.spark_unused-1.0.0.jar with timestamp 1612887647734
21/02/09 16:20:47 INFO SparkContext: Added JAR file:///opt/bitnami/spark/.ivy2/jars/com.github.luben_zstd-jni-1.4.4-3.jar at spark://4ea89c5994cf:46465/jars/com.github.luben_zstd-jni-1.4.4-3.jar with timestamp 1612887647735
21/02/09 16:20:47 INFO SparkContext: Added JAR file:///opt/bitnami/spark/.ivy2/jars/org.lz4_lz4-java-1.7.1.jar at spark://4ea89c5994cf:46465/jars/org.lz4_lz4-java-1.7.1.jar with timestamp 1612887647738
21/02/09 16:20:47 INFO SparkContext: Added JAR file:///opt/bitnami/spark/.ivy2/jars/org.xerial.snappy_snappy-java-1.1.7.5.jar at spark://4ea89c5994cf:46465/jars/org.xerial.snappy_snappy-java-1.1.7.5.jar with timestamp 1612887647740
21/02/09 16:20:47 INFO SparkContext: Added JAR file:///opt/bitnami/spark/.ivy2/jars/org.slf4j_slf4j-api-1.7.30.jar at spark://4ea89c5994cf:46465/jars/org.slf4j_slf4j-api-1.7.30.jar with timestamp 1612887647740
21/02/09 16:20:47 INFO SparkContext: Added file file:///opt/bitnami/spark/.ivy2/jars/org.apache.spark_spark-sql-kafka-0-10_2.12-3.0.0.jar at file:///opt/bitnami/spark/.ivy2/jars/org.apache.spark_spark-sql-kafka-0-10_2.12-3.0.0.jar with timestamp 1612887647746
21/02/09 16:20:47 INFO Utils: Copying /opt/bitnami/spark/.ivy2/jars/org.apache.spark_spark-sql-kafka-0-10_2.12-3.0.0.jar to /tmp/spark-f13d9b9d-cc14-4918-b2a9-4f03fa36ec59/userFiles-a5379151-dc56-4d28-a2ee-e6c042a8f241/org.apache.spark_spark-sql-kafka-0-10_2.12-3.0.0.jar
21/02/09 16:20:47 INFO SparkContext: Added file file:///opt/bitnami/spark/.ivy2/jars/org.apache.spark_spark-token-provider-kafka-0-10_2.12-3.0.0.jar at file:///opt/bitnami/spark/.ivy2/jars/org.apache.spark_spark-token-provider-kafka-0-10_2.12-3.0.0.jar with timestamp 1612887647819
21/02/09 16:20:47 INFO Utils: Copying /opt/bitnami/spark/.ivy2/jars/org.apache.spark_spark-token-provider-kafka-0-10_2.12-3.0.0.jar to /tmp/spark-f13d9b9d-cc14-4918-b2a9-4f03fa36ec59/userFiles-a5379151-dc56-4d28-a2ee-e6c042a8f241/org.apache.spark_spark-token-provider-kafka-0-10_2.12-3.0.0.jar
21/02/09 16:20:47 INFO SparkContext: Added file file:///opt/bitnami/spark/.ivy2/jars/org.apache.kafka_kafka-clients-2.4.1.jar at file:///opt/bitnami/spark/.ivy2/jars/org.apache.kafka_kafka-clients-2.4.1.jar with timestamp 1612887647846
21/02/09 16:20:47 INFO Utils: Copying /opt/bitnami/spark/.ivy2/jars/org.apache.kafka_kafka-clients-2.4.1.jar to /tmp/spark-f13d9b9d-cc14-4918-b2a9-4f03fa36ec59/userFiles-a5379151-dc56-4d28-a2ee-e6c042a8f241/org.apache.kafka_kafka-clients-2.4.1.jar
21/02/09 16:20:47 INFO SparkContext: Added file file:///opt/bitnami/spark/.ivy2/jars/org.apache.commons_commons-pool2-2.6.2.jar at file:///opt/bitnami/spark/.ivy2/jars/org.apache.commons_commons-pool2-2.6.2.jar with timestamp 1612887647890
21/02/09 16:20:47 INFO Utils: Copying /opt/bitnami/spark/.ivy2/jars/org.apache.commons_commons-pool2-2.6.2.jar to /tmp/spark-f13d9b9d-cc14-4918-b2a9-4f03fa36ec59/userFiles-a5379151-dc56-4d28-a2ee-e6c042a8f241/org.apache.commons_commons-pool2-2.6.2.jar
21/02/09 16:20:47 INFO SparkContext: Added file file:///opt/bitnami/spark/.ivy2/jars/org.spark-project.spark_unused-1.0.0.jar at file:///opt/bitnami/spark/.ivy2/jars/org.spark-project.spark_unused-1.0.0.jar with timestamp 1612887647919
21/02/09 16:20:47 INFO Utils: Copying /opt/bitnami/spark/.ivy2/jars/org.spark-project.spark_unused-1.0.0.jar to /tmp/spark-f13d9b9d-cc14-4918-b2a9-4f03fa36ec59/userFiles-a5379151-dc56-4d28-a2ee-e6c042a8f241/org.spark-project.spark_unused-1.0.0.jar
21/02/09 16:20:47 INFO SparkContext: Added file file:///opt/bitnami/spark/.ivy2/jars/com.github.luben_zstd-jni-1.4.4-3.jar at file:///opt/bitnami/spark/.ivy2/jars/com.github.luben_zstd-jni-1.4.4-3.jar with timestamp 1612887647944
21/02/09 16:20:47 INFO Utils: Copying /opt/bitnami/spark/.ivy2/jars/com.github.luben_zstd-jni-1.4.4-3.jar to /tmp/spark-f13d9b9d-cc14-4918-b2a9-4f03fa36ec59/userFiles-a5379151-dc56-4d28-a2ee-e6c042a8f241/com.github.luben_zstd-jni-1.4.4-3.jar
21/02/09 16:20:48 INFO SparkContext: Added file file:///opt/bitnami/spark/.ivy2/jars/org.lz4_lz4-java-1.7.1.jar at file:///opt/bitnami/spark/.ivy2/jars/org.lz4_lz4-java-1.7.1.jar with timestamp 1612887648003
21/02/09 16:20:48 INFO Utils: Copying /opt/bitnami/spark/.ivy2/jars/org.lz4_lz4-java-1.7.1.jar to /tmp/spark-f13d9b9d-cc14-4918-b2a9-4f03fa36ec59/userFiles-a5379151-dc56-4d28-a2ee-e6c042a8f241/org.lz4_lz4-java-1.7.1.jar
21/02/09 16:20:48 INFO SparkContext: Added file file:///opt/bitnami/spark/.ivy2/jars/org.xerial.snappy_snappy-java-1.1.7.5.jar at file:///opt/bitnami/spark/.ivy2/jars/org.xerial.snappy_snappy-java-1.1.7.5.jar with timestamp 1612887648093
21/02/09 16:20:48 INFO Utils: Copying /opt/bitnami/spark/.ivy2/jars/org.xerial.snappy_snappy-java-1.1.7.5.jar to /tmp/spark-f13d9b9d-cc14-4918-b2a9-4f03fa36ec59/userFiles-a5379151-dc56-4d28-a2ee-e6c042a8f241/org.xerial.snappy_snappy-java-1.1.7.5.jar
21/02/09 16:20:48 INFO SparkContext: Added file file:///opt/bitnami/spark/.ivy2/jars/org.slf4j_slf4j-api-1.7.30.jar at file:///opt/bitnami/spark/.ivy2/jars/org.slf4j_slf4j-api-1.7.30.jar with timestamp 1612887648188
21/02/09 16:20:48 INFO Utils: Copying /opt/bitnami/spark/.ivy2/jars/org.slf4j_slf4j-api-1.7.30.jar to /tmp/spark-f13d9b9d-cc14-4918-b2a9-4f03fa36ec59/userFiles-a5379151-dc56-4d28-a2ee-e6c042a8f241/org.slf4j_slf4j-api-1.7.30.jar
21/02/09 16:20:49 INFO Executor: Starting executor ID driver on host 4ea89c5994cf
21/02/09 16:20:49 INFO Utils: Successfully started service 'org.apache.spark.network.netty.NettyBlockTransferService' on port 45261.
21/02/09 16:20:49 INFO NettyBlockTransferService: Server created on 4ea89c5994cf:45261
21/02/09 16:20:49 INFO BlockManager: Using org.apache.spark.storage.RandomBlockReplicationPolicy for block replication policy
21/02/09 16:20:49 INFO BlockManagerMaster: Registering BlockManager BlockManagerId(driver, 4ea89c5994cf, 45261, None)
21/02/09 16:20:49 INFO BlockManagerMasterEndpoint: Registering block manager 4ea89c5994cf:45261 with 366.3 MiB RAM, BlockManagerId(driver, 4ea89c5994cf, 45261, None)
21/02/09 16:20:49 INFO BlockManagerMaster: Registered BlockManager BlockManagerId(driver, 4ea89c5994cf, 45261, None)
21/02/09 16:20:49 INFO BlockManager: Initialized BlockManager: BlockManagerId(driver, 4ea89c5994cf, 45261, None)
21/02/09 16:20:50 INFO SharedState: Setting hive.metastore.warehouse.dir ('null') to the value of spark.sql.warehouse.dir ('file:/opt/bitnami/spark/spark-warehouse').
21/02/09 16:20:50 INFO SharedState: Warehouse path is 'file:/opt/bitnami/spark/spark-warehouse'.

