Ivy Default Cache set to: /opt/bitnami/spark/.ivy2/cache
The jars for the packages stored in: /opt/bitnami/spark/.ivy2/jars
:: loading settings :: url = jar:file:/opt/bitnami/spark/jars/ivy-2.4.0.jar!/org/apache/ivy/core/settings/ivysettings.xml
org.apache.spark#spark-sql-kafka-0-10_2.12 added as a dependency
:: resolving dependencies :: org.apache.spark#spark-submit-parent-43e2d4fa-0b22-4e6e-9492-632719756c3f;1.0
	confs: [default]
	found org.apache.spark#spark-sql-kafka-0-10_2.12;3.0.0 in central
	found org.apache.spark#spark-token-provider-kafka-0-10_2.12;3.0.0 in central
	found org.apache.kafka#kafka-clients;2.4.1 in central
	found com.github.luben#zstd-jni;1.4.4-3 in central
	found org.lz4#lz4-java;1.7.1 in central
	found org.xerial.snappy#snappy-java;1.1.7.5 in central
	found org.slf4j#slf4j-api;1.7.30 in central
	found org.spark-project.spark#unused;1.0.0 in central
	found org.apache.commons#commons-pool2;2.6.2 in central
:: resolution report :: resolve 1623ms :: artifacts dl 78ms
	:: modules in use:
	com.github.luben#zstd-jni;1.4.4-3 from central in [default]
	org.apache.commons#commons-pool2;2.6.2 from central in [default]
	org.apache.kafka#kafka-clients;2.4.1 from central in [default]
	org.apache.spark#spark-sql-kafka-0-10_2.12;3.0.0 from central in [default]
	org.apache.spark#spark-token-provider-kafka-0-10_2.12;3.0.0 from central in [default]
	org.lz4#lz4-java;1.7.1 from central in [default]
	org.slf4j#slf4j-api;1.7.30 from central in [default]
	org.spark-project.spark#unused;1.0.0 from central in [default]
	org.xerial.snappy#snappy-java;1.1.7.5 from central in [default]
	---------------------------------------------------------------------
	|                  |            modules            ||   artifacts   |
	|       conf       | number| search|dwnlded|evicted|| number|dwnlded|
	---------------------------------------------------------------------
	|      default     |   9   |   0   |   0   |   0   ||   9   |   0   |
	---------------------------------------------------------------------
:: retrieving :: org.apache.spark#spark-submit-parent-43e2d4fa-0b22-4e6e-9492-632719756c3f
	confs: [default]
	0 artifacts copied, 9 already retrieved (0kB/23ms)
21/02/10 14:34:54 WARN NativeCodeLoader: Unable to load native-hadoop library for your platform... using builtin-java classes where applicable
Using Spark's default log4j profile: org/apache/spark/log4j-defaults.properties
21/02/10 14:34:55 INFO SparkContext: Running Spark version 3.0.1
21/02/10 14:34:55 INFO ResourceUtils: ==============================================================
21/02/10 14:34:55 INFO ResourceUtils: Resources for spark.driver:

21/02/10 14:34:55 INFO ResourceUtils: ==============================================================
21/02/10 14:34:55 INFO SparkContext: Submitted application: STEDI_joiner
21/02/10 14:34:56 INFO SecurityManager: Changing view acls to: spark
21/02/10 14:34:56 INFO SecurityManager: Changing modify acls to: spark
21/02/10 14:34:56 INFO SecurityManager: Changing view acls groups to: 
21/02/10 14:34:56 INFO SecurityManager: Changing modify acls groups to: 
21/02/10 14:34:56 INFO SecurityManager: SecurityManager: authentication disabled; ui acls disabled; users  with view permissions: Set(spark); groups with view permissions: Set(); users  with modify permissions: Set(spark); groups with modify permissions: Set()
21/02/10 14:34:56 INFO Utils: Successfully started service 'sparkDriver' on port 35303.
21/02/10 14:34:56 INFO SparkEnv: Registering MapOutputTracker
21/02/10 14:34:56 INFO SparkEnv: Registering BlockManagerMaster
21/02/10 14:34:56 INFO BlockManagerMasterEndpoint: Using org.apache.spark.storage.DefaultTopologyMapper for getting topology information
21/02/10 14:34:56 INFO BlockManagerMasterEndpoint: BlockManagerMasterEndpoint up
21/02/10 14:34:56 INFO SparkEnv: Registering BlockManagerMasterHeartbeat
21/02/10 14:34:57 INFO DiskBlockManager: Created local directory at /tmp/blockmgr-1dd7e7e8-6952-4a44-94a3-5f68c2519040
21/02/10 14:34:57 INFO MemoryStore: MemoryStore started with capacity 366.3 MiB
21/02/10 14:34:57 INFO SparkEnv: Registering OutputCommitCoordinator
21/02/10 14:34:58 INFO Utils: Successfully started service 'SparkUI' on port 4040.
21/02/10 14:34:58 INFO SparkUI: Bound SparkUI to 0.0.0.0, and started at http://4ea89c5994cf:4040
21/02/10 14:34:58 INFO SparkContext: Added JAR file:///opt/bitnami/spark/.ivy2/jars/org.apache.spark_spark-sql-kafka-0-10_2.12-3.0.0.jar at spark://4ea89c5994cf:35303/jars/org.apache.spark_spark-sql-kafka-0-10_2.12-3.0.0.jar with timestamp 1612967698538
21/02/10 14:34:58 INFO SparkContext: Added JAR file:///opt/bitnami/spark/.ivy2/jars/org.apache.spark_spark-token-provider-kafka-0-10_2.12-3.0.0.jar at spark://4ea89c5994cf:35303/jars/org.apache.spark_spark-token-provider-kafka-0-10_2.12-3.0.0.jar with timestamp 1612967698540
21/02/10 14:34:58 INFO SparkContext: Added JAR file:///opt/bitnami/spark/.ivy2/jars/org.apache.kafka_kafka-clients-2.4.1.jar at spark://4ea89c5994cf:35303/jars/org.apache.kafka_kafka-clients-2.4.1.jar with timestamp 1612967698542
21/02/10 14:34:58 INFO SparkContext: Added JAR file:///opt/bitnami/spark/.ivy2/jars/org.apache.commons_commons-pool2-2.6.2.jar at spark://4ea89c5994cf:35303/jars/org.apache.commons_commons-pool2-2.6.2.jar with timestamp 1612967698549
21/02/10 14:34:58 INFO SparkContext: Added JAR file:///opt/bitnami/spark/.ivy2/jars/org.spark-project.spark_unused-1.0.0.jar at spark://4ea89c5994cf:35303/jars/org.spark-project.spark_unused-1.0.0.jar with timestamp 1612967698549
21/02/10 14:34:58 INFO SparkContext: Added JAR file:///opt/bitnami/spark/.ivy2/jars/com.github.luben_zstd-jni-1.4.4-3.jar at spark://4ea89c5994cf:35303/jars/com.github.luben_zstd-jni-1.4.4-3.jar with timestamp 1612967698551
21/02/10 14:34:58 INFO SparkContext: Added JAR file:///opt/bitnami/spark/.ivy2/jars/org.lz4_lz4-java-1.7.1.jar at spark://4ea89c5994cf:35303/jars/org.lz4_lz4-java-1.7.1.jar with timestamp 1612967698554
21/02/10 14:34:58 INFO SparkContext: Added JAR file:///opt/bitnami/spark/.ivy2/jars/org.xerial.snappy_snappy-java-1.1.7.5.jar at spark://4ea89c5994cf:35303/jars/org.xerial.snappy_snappy-java-1.1.7.5.jar with timestamp 1612967698556
21/02/10 14:34:58 INFO SparkContext: Added JAR file:///opt/bitnami/spark/.ivy2/jars/org.slf4j_slf4j-api-1.7.30.jar at spark://4ea89c5994cf:35303/jars/org.slf4j_slf4j-api-1.7.30.jar with timestamp 1612967698557
21/02/10 14:34:58 INFO SparkContext: Added file file:///opt/bitnami/spark/.ivy2/jars/org.apache.spark_spark-sql-kafka-0-10_2.12-3.0.0.jar at file:///opt/bitnami/spark/.ivy2/jars/org.apache.spark_spark-sql-kafka-0-10_2.12-3.0.0.jar with timestamp 1612967698566
21/02/10 14:34:58 INFO Utils: Copying /opt/bitnami/spark/.ivy2/jars/org.apache.spark_spark-sql-kafka-0-10_2.12-3.0.0.jar to /tmp/spark-9e23c583-9f1d-429f-90ad-391661f18a7c/userFiles-14dc366a-b08e-46a2-b136-d152f319a3f7/org.apache.spark_spark-sql-kafka-0-10_2.12-3.0.0.jar
21/02/10 14:34:58 INFO SparkContext: Added file file:///opt/bitnami/spark/.ivy2/jars/org.apache.spark_spark-token-provider-kafka-0-10_2.12-3.0.0.jar at file:///opt/bitnami/spark/.ivy2/jars/org.apache.spark_spark-token-provider-kafka-0-10_2.12-3.0.0.jar with timestamp 1612967698624
21/02/10 14:34:58 INFO Utils: Copying /opt/bitnami/spark/.ivy2/jars/org.apache.spark_spark-token-provider-kafka-0-10_2.12-3.0.0.jar to /tmp/spark-9e23c583-9f1d-429f-90ad-391661f18a7c/userFiles-14dc366a-b08e-46a2-b136-d152f319a3f7/org.apache.spark_spark-token-provider-kafka-0-10_2.12-3.0.0.jar
21/02/10 14:34:58 INFO SparkContext: Added file file:///opt/bitnami/spark/.ivy2/jars/org.apache.kafka_kafka-clients-2.4.1.jar at file:///opt/bitnami/spark/.ivy2/jars/org.apache.kafka_kafka-clients-2.4.1.jar with timestamp 1612967698654
21/02/10 14:34:58 INFO Utils: Copying /opt/bitnami/spark/.ivy2/jars/org.apache.kafka_kafka-clients-2.4.1.jar to /tmp/spark-9e23c583-9f1d-429f-90ad-391661f18a7c/userFiles-14dc366a-b08e-46a2-b136-d152f319a3f7/org.apache.kafka_kafka-clients-2.4.1.jar
21/02/10 14:34:58 INFO SparkContext: Added file file:///opt/bitnami/spark/.ivy2/jars/org.apache.commons_commons-pool2-2.6.2.jar at file:///opt/bitnami/spark/.ivy2/jars/org.apache.commons_commons-pool2-2.6.2.jar with timestamp 1612967698702
21/02/10 14:34:58 INFO Utils: Copying /opt/bitnami/spark/.ivy2/jars/org.apache.commons_commons-pool2-2.6.2.jar to /tmp/spark-9e23c583-9f1d-429f-90ad-391661f18a7c/userFiles-14dc366a-b08e-46a2-b136-d152f319a3f7/org.apache.commons_commons-pool2-2.6.2.jar
21/02/10 14:34:58 INFO SparkContext: Added file file:///opt/bitnami/spark/.ivy2/jars/org.spark-project.spark_unused-1.0.0.jar at file:///opt/bitnami/spark/.ivy2/jars/org.spark-project.spark_unused-1.0.0.jar with timestamp 1612967698735
21/02/10 14:34:58 INFO Utils: Copying /opt/bitnami/spark/.ivy2/jars/org.spark-project.spark_unused-1.0.0.jar to /tmp/spark-9e23c583-9f1d-429f-90ad-391661f18a7c/userFiles-14dc366a-b08e-46a2-b136-d152f319a3f7/org.spark-project.spark_unused-1.0.0.jar
21/02/10 14:34:58 INFO SparkContext: Added file file:///opt/bitnami/spark/.ivy2/jars/com.github.luben_zstd-jni-1.4.4-3.jar at file:///opt/bitnami/spark/.ivy2/jars/com.github.luben_zstd-jni-1.4.4-3.jar with timestamp 1612967698763
21/02/10 14:34:58 INFO Utils: Copying /opt/bitnami/spark/.ivy2/jars/com.github.luben_zstd-jni-1.4.4-3.jar to /tmp/spark-9e23c583-9f1d-429f-90ad-391661f18a7c/userFiles-14dc366a-b08e-46a2-b136-d152f319a3f7/com.github.luben_zstd-jni-1.4.4-3.jar
21/02/10 14:34:58 INFO SparkContext: Added file file:///opt/bitnami/spark/.ivy2/jars/org.lz4_lz4-java-1.7.1.jar at file:///opt/bitnami/spark/.ivy2/jars/org.lz4_lz4-java-1.7.1.jar with timestamp 1612967698809
21/02/10 14:34:58 INFO Utils: Copying /opt/bitnami/spark/.ivy2/jars/org.lz4_lz4-java-1.7.1.jar to /tmp/spark-9e23c583-9f1d-429f-90ad-391661f18a7c/userFiles-14dc366a-b08e-46a2-b136-d152f319a3f7/org.lz4_lz4-java-1.7.1.jar
21/02/10 14:34:58 INFO SparkContext: Added file file:///opt/bitnami/spark/.ivy2/jars/org.xerial.snappy_snappy-java-1.1.7.5.jar at file:///opt/bitnami/spark/.ivy2/jars/org.xerial.snappy_snappy-java-1.1.7.5.jar with timestamp 1612967698839
21/02/10 14:34:58 INFO Utils: Copying /opt/bitnami/spark/.ivy2/jars/org.xerial.snappy_snappy-java-1.1.7.5.jar to /tmp/spark-9e23c583-9f1d-429f-90ad-391661f18a7c/userFiles-14dc366a-b08e-46a2-b136-d152f319a3f7/org.xerial.snappy_snappy-java-1.1.7.5.jar
21/02/10 14:34:58 INFO SparkContext: Added file file:///opt/bitnami/spark/.ivy2/jars/org.slf4j_slf4j-api-1.7.30.jar at file:///opt/bitnami/spark/.ivy2/jars/org.slf4j_slf4j-api-1.7.30.jar with timestamp 1612967698876
21/02/10 14:34:58 INFO Utils: Copying /opt/bitnami/spark/.ivy2/jars/org.slf4j_slf4j-api-1.7.30.jar to /tmp/spark-9e23c583-9f1d-429f-90ad-391661f18a7c/userFiles-14dc366a-b08e-46a2-b136-d152f319a3f7/org.slf4j_slf4j-api-1.7.30.jar
21/02/10 14:34:59 INFO Executor: Starting executor ID driver on host 4ea89c5994cf
21/02/10 14:34:59 INFO Utils: Successfully started service 'org.apache.spark.network.netty.NettyBlockTransferService' on port 41559.
21/02/10 14:34:59 INFO NettyBlockTransferService: Server created on 4ea89c5994cf:41559
21/02/10 14:34:59 INFO BlockManager: Using org.apache.spark.storage.RandomBlockReplicationPolicy for block replication policy
21/02/10 14:34:59 INFO BlockManagerMaster: Registering BlockManager BlockManagerId(driver, 4ea89c5994cf, 41559, None)
21/02/10 14:34:59 INFO BlockManagerMasterEndpoint: Registering block manager 4ea89c5994cf:41559 with 366.3 MiB RAM, BlockManagerId(driver, 4ea89c5994cf, 41559, None)
21/02/10 14:34:59 INFO BlockManagerMaster: Registered BlockManager BlockManagerId(driver, 4ea89c5994cf, 41559, None)
21/02/10 14:34:59 INFO BlockManager: Initialized BlockManager: BlockManagerId(driver, 4ea89c5994cf, 41559, None)
21/02/10 14:35:00 INFO SharedState: Setting hive.metastore.warehouse.dir ('null') to the value of spark.sql.warehouse.dir ('file:/opt/bitnami/spark/spark-warehouse').
21/02/10 14:35:00 INFO SharedState: Warehouse path is 'file:/opt/bitnami/spark/spark-warehouse'.
21/02/10 14:35:08 WARN StreamingQueryManager: Temporary checkpoint location created which is deleted normally when the query didn't fail: /tmp/temporary-7f99f5aa-ff30-4caf-a50b-63423423108c. If it's required to delete it under any circumstances, please set spark.sql.streaming.forceDeleteTempCheckpointLocation to true. Important to know deleting temp checkpoint folder is best effort.
-------------------------------------------
Batch: 0
-------------------------------------------
+--------------------+---------+
|               email|birthYear|
+--------------------+---------+
|Neeraj.Abram@test...|     1965|
|Travis.Howard@tes...|     1964|
|Angie.Abram@test.com|     1963|
|Jacob.Abram@test.com|     1962|
|Gail.Clayton@test...|     1961|
|Craig.Clark@test.com|     1960|
|Ashley.Jefferson@...|     1959|
| Jane.Olson@test.com|     1958|
|Larry.Fibonnaci@t...|     1957|
|Santosh.Khatib@te...|     1956|
|Sarah.Fibonnaci@t...|     1955|
|Christina.Khatib@...|     1954|
|  Ben.Jones@test.com|     1953|
|Dan.Fibonnaci@tes...|     1952|
|Ashley.Abram@test...|     1951|
|Senthil.Spencer@t...|     1949|
|Jacob.Davis@test.com|     1948|
|Ashley.Anandh@tes...|     1947|
|Christina.Wu@test...|     1946|
|Jacob.Sanchez@tes...|     1945|
+--------------------+---------+
only showing top 20 rows
