[38;5;6m [38;5;5m14:07:08.22 [0m
[38;5;6m [38;5;5m14:07:08.24 [0m[1mWelcome to the Bitnami spark container[0m
[38;5;6m [38;5;5m14:07:08.24 [0mSubscribe to project updates by watching [1mhttps://github.com/bitnami/bitnami-docker-spark[0m
[38;5;6m [38;5;5m14:07:08.25 [0mSubmit issues and feature requests at [1mhttps://github.com/bitnami/bitnami-docker-spark/issues[0m
[38;5;6m [38;5;5m14:07:08.25 [0m
[38;5;6m [38;5;5m14:07:08.29 [0m[38;5;2mINFO [0m ==> ** Starting Spark setup **
[38;5;6m [38;5;5m14:07:08.37 [0m[38;5;2mINFO [0m ==> Generating Spark configuration file...
[38;5;6m [38;5;5m14:07:08.40 [0m[38;5;2mINFO [0m ==> ** Spark setup finished! **

[38;5;6m [38;5;5m14:07:08.45 [0m[38;5;2mINFO [0m ==> ** Starting Spark in worker mode **
starting org.apache.spark.deploy.worker.Worker, logging to /opt/bitnami/spark/logs/spark--org.apache.spark.deploy.worker.Worker-1-81c70cee7627.out
Spark Command: /opt/bitnami/java/bin/java -cp /opt/bitnami/spark/conf/:/opt/bitnami/spark/jars/* -Xmx1g org.apache.spark.deploy.worker.Worker --webui-port 8081 spark://spark:7077
========================================
Using Spark's default log4j profile: org/apache/spark/log4j-defaults.properties
21/02/09 14:07:16 INFO Worker: Started daemon with process name: 37@81c70cee7627
21/02/09 14:07:16 INFO SignalUtils: Registered signal handler for TERM
21/02/09 14:07:16 INFO SignalUtils: Registered signal handler for HUP
21/02/09 14:07:17 INFO SignalUtils: Registered signal handler for INT
21/02/09 14:07:19 WARN NativeCodeLoader: Unable to load native-hadoop library for your platform... using builtin-java classes where applicable
21/02/09 14:07:20 INFO SecurityManager: Changing view acls to: spark
21/02/09 14:07:20 INFO SecurityManager: Changing modify acls to: spark
21/02/09 14:07:20 INFO SecurityManager: Changing view acls groups to: 
21/02/09 14:07:20 INFO SecurityManager: Changing modify acls groups to: 
21/02/09 14:07:20 INFO SecurityManager: SecurityManager: authentication disabled; ui acls disabled; users  with view permissions: Set(spark); groups with view permissions: Set(); users  with modify permissions: Set(spark); groups with modify permissions: Set()
21/02/09 14:07:24 INFO Utils: Successfully started service 'sparkWorker' on port 45059.
21/02/09 14:07:25 INFO Worker: Starting Spark worker 172.19.0.5:45059 with 1 cores, 1024.0 MiB RAM
21/02/09 14:07:25 INFO Worker: Running Spark version 3.0.1
21/02/09 14:07:25 INFO Worker: Spark home: /opt/bitnami/spark
21/02/09 14:07:25 INFO ResourceUtils: ==============================================================
21/02/09 14:07:25 INFO ResourceUtils: Resources for spark.worker:

21/02/09 14:07:25 INFO ResourceUtils: ==============================================================
21/02/09 14:07:26 INFO Utils: Successfully started service 'WorkerUI' on port 8081.
21/02/09 14:07:26 INFO WorkerWebUI: Bound WorkerWebUI to 0.0.0.0, and started at http://81c70cee7627:8081
21/02/09 14:07:26 INFO Worker: Connecting to master spark:7077...
21/02/09 14:07:27 INFO TransportClientFactory: Successfully created connection to spark/172.19.0.4:7077 after 181 ms (0 ms spent in bootstraps)
21/02/09 14:07:28 INFO Worker: Successfully registered with master spark://4ea89c5994cf:7077
[38;5;6m [38;5;5m14:56:59.64 [0m
[38;5;6m [38;5;5m14:56:59.65 [0m[1mWelcome to the Bitnami spark container[0m
[38;5;6m [38;5;5m14:56:59.66 [0mSubscribe to project updates by watching [1mhttps://github.com/bitnami/bitnami-docker-spark[0m
[38;5;6m [38;5;5m14:56:59.66 [0mSubmit issues and feature requests at [1mhttps://github.com/bitnami/bitnami-docker-spark/issues[0m
[38;5;6m [38;5;5m14:56:59.66 [0m
[38;5;6m [38;5;5m14:56:59.68 [0m[38;5;2mINFO [0m ==> ** Starting Spark setup **
[38;5;6m [38;5;5m14:56:59.78 [0m[38;5;2mINFO [0m ==> Detected mounted configuration file...

[38;5;6m [38;5;5m14:56:59.81 [0m[38;5;2mINFO [0m ==> ** Spark setup finished! **
[38;5;6m [38;5;5m14:57:00.00 [0m[38;5;2mINFO [0m ==> ** Starting Spark in worker mode **
starting org.apache.spark.deploy.worker.Worker, logging to /opt/bitnami/spark/logs/spark--org.apache.spark.deploy.worker.Worker-1-81c70cee7627.out
Spark Command: /opt/bitnami/java/bin/java -cp /opt/bitnami/spark/conf/:/opt/bitnami/spark/jars/* -Xmx1g org.apache.spark.deploy.worker.Worker --webui-port 8081 spark://spark:7077
========================================
Using Spark's default log4j profile: org/apache/spark/log4j-defaults.properties
21/02/09 14:57:10 INFO Worker: Started daemon with process name: 36@81c70cee7627
21/02/09 14:57:11 INFO SignalUtils: Registered signal handler for TERM
21/02/09 14:57:11 INFO SignalUtils: Registered signal handler for HUP
21/02/09 14:57:11 INFO SignalUtils: Registered signal handler for INT
21/02/09 14:57:14 WARN NativeCodeLoader: Unable to load native-hadoop library for your platform... using builtin-java classes where applicable
21/02/09 14:57:15 INFO SecurityManager: Changing view acls to: spark
21/02/09 14:57:15 INFO SecurityManager: Changing modify acls to: spark
21/02/09 14:57:15 INFO SecurityManager: Changing view acls groups to: 
21/02/09 14:57:15 INFO SecurityManager: Changing modify acls groups to: 
21/02/09 14:57:15 INFO SecurityManager: SecurityManager: authentication disabled; ui acls disabled; users  with view permissions: Set(spark); groups with view permissions: Set(); users  with modify permissions: Set(spark); groups with modify permissions: Set()
21/02/09 14:57:19 INFO Utils: Successfully started service 'sparkWorker' on port 41537.
21/02/09 14:57:20 INFO Worker: Starting Spark worker 172.19.0.2:41537 with 1 cores, 1024.0 MiB RAM
21/02/09 14:57:20 INFO Worker: Running Spark version 3.0.1
21/02/09 14:57:20 INFO Worker: Spark home: /opt/bitnami/spark
21/02/09 14:57:20 INFO ResourceUtils: ==============================================================
21/02/09 14:57:20 INFO ResourceUtils: Resources for spark.worker:

21/02/09 14:57:20 INFO ResourceUtils: ==============================================================
21/02/09 14:57:21 INFO Utils: Successfully started service 'WorkerUI' on port 8081.
21/02/09 14:57:22 INFO WorkerWebUI: Bound WorkerWebUI to 0.0.0.0, and started at http://81c70cee7627:8081
21/02/09 14:57:22 INFO Worker: Connecting to master spark:7077...
21/02/09 14:57:23 INFO TransportClientFactory: Successfully created connection to spark/172.19.0.3:7077 after 483 ms (0 ms spent in bootstraps)
21/02/09 14:57:24 INFO Worker: Successfully registered with master spark://4ea89c5994cf:7077
