Spark Command: /opt/bitnami/java/bin/java -cp /opt/bitnami/spark/conf/:/opt/bitnami/spark/jars/* -Xmx1g org.apache.spark.deploy.worker.Worker --webui-port 8081 spark://4ea89c5994cf:7078
========================================
Using Spark's default log4j profile: org/apache/spark/log4j-defaults.properties
21/02/10 15:02:54 INFO Worker: Started daemon with process name: 110@81c70cee7627
21/02/10 15:02:54 INFO SignalUtils: Registered signal handler for TERM
21/02/10 15:02:54 INFO SignalUtils: Registered signal handler for HUP
21/02/10 15:02:54 INFO SignalUtils: Registered signal handler for INT
21/02/10 15:02:55 WARN NativeCodeLoader: Unable to load native-hadoop library for your platform... using builtin-java classes where applicable
21/02/10 15:02:55 INFO SecurityManager: Changing view acls to: spark
21/02/10 15:02:55 INFO SecurityManager: Changing modify acls to: spark
21/02/10 15:02:55 INFO SecurityManager: Changing view acls groups to:
21/02/10 15:02:55 INFO SecurityManager: Changing modify acls groups to:
21/02/10 15:02:55 INFO SecurityManager: SecurityManager: authentication disabled; ui acls disabled; users  with view permissions: Set(spark); groups with view permissions: Set(); users  with modify permissions: Set(spark); groups with modify permissions: Set()
21/02/10 15:02:56 INFO Utils: Successfully started service 'sparkWorker' on port 43521.
21/02/10 15:02:56 INFO Worker: Starting Spark worker 172.19.0.5:43521 with 1 cores, 1024.0 MiB RAM
21/02/10 15:02:56 INFO Worker: Running Spark version 3.0.1
21/02/10 15:02:56 INFO Worker: Spark home: /opt/bitnami/spark
21/02/10 15:02:56 INFO ResourceUtils: ==============================================================
21/02/10 15:02:56 INFO ResourceUtils: Resources for spark.worker:

21/02/10 15:02:56 INFO ResourceUtils: ==============================================================
21/02/10 15:02:56 WARN Utils: Service 'WorkerUI' could not bind on port 8081. Attempting port 8082.
21/02/10 15:02:57 INFO Utils: Successfully started service 'WorkerUI' on port 8082.
21/02/10 15:02:57 INFO WorkerWebUI: Bound WorkerWebUI to 0.0.0.0, and started at http://81c70cee7627:8082
21/02/10 15:02:57 INFO Worker: Connecting to master 4ea89c5994cf:7078...
21/02/10 15:02:57 INFO TransportClientFactory: Successfully created connection to 4ea89c5994cf/172.19.0.2:7078 after 70 ms (0 ms spent in bootstraps)
21/02/10 15:02:57 INFO Worker: Successfully registered with master spark://4ea89c5994cf:7078